TN:
SF:src\constants\routes.js
FN:13,(anonymous_0)
FNF:1
FNH:1
FNDA:26,(anonymous_0)
DA:6,6
DA:13,6
DA:14,26
DA:16,7
DA:18,5
DA:20,1
DA:22,12
DA:24,1
LF:8
LH:8
BRDA:14,0,0,7
BRDA:14,0,1,5
BRDA:14,0,2,1
BRDA:14,0,3,12
BRDA:14,0,4,1
BRF:5
BRH:5
end_of_record
TN:
SF:src\constants\usersTest.js
FNF:0
FNH:0
LF:0
LH:0
BRF:0
BRH:0
end_of_record
TN:
SF:src\containers\Bills.js
FN:6,(anonymous_0)
FN:13,(anonymous_1)
FN:14,(anonymous_2)
FN:19,(anonymous_3)
FN:23,(anonymous_4)
FN:30,(anonymous_5)
FN:35,(anonymous_6)
FN:37,(anonymous_7)
FNF:8
FNH:2
FNDA:1,(anonymous_0)
FNDA:0,(anonymous_1)
FNDA:0,(anonymous_2)
FNDA:0,(anonymous_3)
FNDA:0,(anonymous_4)
FNDA:1,(anonymous_5)
FNDA:0,(anonymous_6)
FNDA:0,(anonymous_7)
DA:7,1
DA:8,1
DA:9,1
DA:10,1
DA:11,1
DA:12,1
DA:13,1
DA:14,0
DA:16,1
DA:19,1
DA:20,0
DA:23,1
DA:24,0
DA:25,0
DA:26,0
DA:27,0
DA:30,1
DA:31,1
DA:32,1
DA:36,0
DA:38,0
DA:39,0
DA:47,0
DA:48,0
DA:55,0
DA:56,0
LF:26
LH:13
BRDA:11,0,0,0
BRDA:11,0,1,1
BRDA:13,1,0,1
BRDA:13,1,1,0
BRDA:31,2,0,1
BRDA:31,2,1,0
BRF:6
BRH:3
end_of_record
TN:
SF:src\containers\Dashboard.js
FN:8,(anonymous_0)
FN:10,(anonymous_1)
FN:30,(anonymous_2)
FN:55,(anonymous_3)
FN:56,(anonymous_4)
FN:59,(anonymous_5)
FN:71,(anonymous_6)
FN:75,(anonymous_7)
FN:76,(anonymous_8)
FN:77,(anonymous_9)
FN:81,(anonymous_10)
FN:88,(anonymous_11)
FN:92,(anonymous_12)
FN:110,(anonymous_13)
FN:111,(anonymous_14)
FN:114,(anonymous_15)
FN:124,(anonymous_16)
FN:134,(anonymous_17)
FN:149,(anonymous_18)
FN:150,(anonymous_19)
FN:157,(anonymous_20)
FN:162,(anonymous_21)
FN:164,(anonymous_22)
FN:172,(anonymous_23)
FNF:24
FNH:19
FNDA:44,(anonymous_0)
FNDA:104,(anonymous_1)
FNDA:6,(anonymous_2)
FNDA:6,(anonymous_3)
FNDA:6,(anonymous_4)
FNDA:5,(anonymous_5)
FNDA:15,(anonymous_6)
FNDA:0,(anonymous_7)
FNDA:0,(anonymous_8)
FNDA:0,(anonymous_9)
FNDA:5,(anonymous_10)
FNDA:3,(anonymous_11)
FNDA:8,(anonymous_12)
FNDA:0,(anonymous_13)
FNDA:0,(anonymous_14)
FNDA:1,(anonymous_15)
FNDA:1,(anonymous_16)
FNDA:5,(anonymous_17)
FNDA:20,(anonymous_18)
FNDA:3,(anonymous_19)
FNDA:5,(anonymous_20)
FNDA:3,(anonymous_21)
FNDA:12,(anonymous_22)
FNDA:2,(anonymous_23)
DA:8,6
DA:9,44
DA:14,104
DA:15,104
DA:26,104
DA:30,6
DA:31,6
DA:32,6
DA:34,6
DA:37,6
DA:55,6
DA:56,6
DA:59,6
DA:60,5
DA:62,3
DA:64,1
DA:66,1
DA:72,15
DA:73,15
DA:74,15
DA:75,15
DA:76,15
DA:77,15
DA:78,15
DA:81,15
DA:82,5
DA:83,5
DA:84,5
DA:85,5
DA:89,3
DA:90,3
DA:91,3
DA:92,2
DA:93,8
DA:95,2
DA:96,2
DA:97,2
DA:98,2
DA:100,1
DA:102,1
DA:105,1
DA:106,1
DA:108,3
DA:109,3
DA:110,3
DA:111,3
DA:114,15
DA:115,1
DA:120,1
DA:121,1
DA:124,15
DA:125,1
DA:130,1
DA:131,1
DA:135,5
DA:136,5
DA:137,5
DA:138,5
DA:139,5
DA:141,5
DA:143,0
DA:144,0
DA:146,0
DA:149,5
DA:150,20
DA:153,5
DA:157,15
DA:158,5
DA:159,5
DA:163,3
DA:164,12
DA:170,3
DA:173,2
LF:73
LH:70
BRDA:9,0,0,26
BRDA:9,0,1,18
BRDA:9,1,0,44
BRDA:9,1,1,26
BRDA:14,2,0,104
BRDA:14,2,1,0
BRDA:32,3,0,0
BRDA:32,3,1,6
BRDA:34,4,0,0
BRDA:34,4,1,6
BRDA:56,5,0,5
BRDA:56,5,1,1
BRDA:56,6,0,6
BRDA:56,6,1,6
BRDA:60,7,0,3
BRDA:60,7,1,1
BRDA:60,7,2,1
BRDA:85,8,0,0
BRDA:85,8,1,5
BRDA:89,9,0,2
BRDA:89,9,1,1
BRDA:89,10,0,3
BRDA:89,10,1,3
BRDA:90,11,0,2
BRDA:90,11,1,1
BRDA:90,12,0,3
BRDA:90,12,1,1
BRDA:91,13,0,2
BRDA:91,13,1,1
BRDA:135,14,0,5
BRDA:135,14,1,0
BRDA:135,15,0,5
BRDA:135,15,1,2
BRDA:136,16,0,5
BRDA:136,16,1,0
BRDA:136,17,0,5
BRDA:136,17,1,2
BRDA:137,18,0,5
BRDA:137,18,1,0
BRDA:158,19,0,5
BRDA:158,19,1,0
BRF:41
BRH:33
end_of_record
TN:
SF:src\containers\Login.js
FN:7,(anonymous_0)
FN:18,(anonymous_1)
FN:29,(anonymous_2)
FN:31,(anonymous_3)
FN:40,(anonymous_4)
FN:51,(anonymous_5)
FN:53,(anonymous_6)
FN:62,(anonymous_7)
FN:68,(anonymous_8)
FN:77,(anonymous_9)
FN:87,(anonymous_10)
FNF:11
FNH:5
FNDA:4,(anonymous_0)
FNDA:2,(anonymous_1)
FNDA:0,(anonymous_2)
FNDA:2,(anonymous_3)
FNDA:2,(anonymous_4)
FNDA:0,(anonymous_5)
FNDA:2,(anonymous_6)
FNDA:0,(anonymous_7)
FNDA:0,(anonymous_8)
FNDA:0,(anonymous_9)
FNDA:0,(anonymous_10)
DA:3,3
DA:8,4
DA:9,4
DA:10,4
DA:11,4
DA:12,4
DA:13,4
DA:14,4
DA:15,4
DA:16,4
DA:18,4
DA:19,2
DA:20,2
DA:26,2
DA:27,2
DA:29,0
DA:32,2
DA:33,2
DA:34,2
DA:35,2
DA:40,4
DA:41,2
DA:42,2
DA:48,2
DA:49,2
DA:51,0
DA:54,2
DA:55,2
DA:56,2
DA:57,2
DA:62,4
DA:63,0
DA:64,0
DA:69,0
DA:72,0
DA:77,4
DA:78,0
DA:79,0
DA:88,0
DA:89,0
DA:92,0
LF:41
LH:30
BRDA:63,0,0,0
BRDA:63,0,1,0
BRDA:78,1,0,0
BRDA:78,1,1,0
BRF:4
BRH:0
end_of_record
TN:
SF:src\containers\Logout.js
FN:4,(anonymous_0)
FN:11,(anonymous_1)
FNF:2
FNH:2
FNDA:17,(anonymous_0)
FNDA:2,(anonymous_1)
DA:5,17
DA:6,17
DA:7,17
DA:8,17
DA:11,17
DA:12,2
DA:13,2
LF:7
LH:7
BRF:0
BRH:0
end_of_record
TN:
SF:src\containers\NewBill.js
FN:5,(anonymous_0)
FN:18,(anonymous_1)
FN:49,(anonymous_2)
FN:53,(anonymous_3)
FN:55,(anonymous_4)
FN:77,(anonymous_5)
FN:82,(anonymous_6)
FN:85,(anonymous_7)
FNF:8
FNH:0
FNDA:0,(anonymous_0)
FNDA:0,(anonymous_1)
FNDA:0,(anonymous_2)
FNDA:0,(anonymous_3)
FNDA:0,(anonymous_4)
FNDA:0,(anonymous_5)
FNDA:0,(anonymous_6)
FNDA:0,(anonymous_7)
DA:6,0
DA:7,0
DA:8,0
DA:9,0
DA:10,0
DA:11,0
DA:12,0
DA:13,0
DA:14,0
DA:15,0
DA:16,0
DA:18,0
DA:19,0
DA:20,0
DA:21,0
DA:28,0
DA:30,0
DA:31,0
DA:33,0
DA:34,0
DA:35,0
DA:36,0
DA:37,0
DA:38,0
DA:39,0
DA:41,0
DA:50,0
DA:51,0
DA:52,0
DA:53,0
DA:55,0
DA:56,0
DA:57,0
DA:58,0
DA:59,0
DA:72,0
DA:73,0
DA:77,0
DA:78,0
DA:79,0
DA:83,0
DA:85,0
LF:42
LH:0
BRDA:21,0,0,0
BRDA:21,0,1,0
BRDA:21,0,2,0
BRDA:21,0,3,0
BRDA:21,0,4,0
BRDA:21,0,5,0
BRDA:21,0,6,0
BRDA:66,1,0,0
BRDA:66,1,1,0
BRDA:78,2,0,0
BRDA:78,2,1,0
BRF:11
BRH:0
end_of_record
TN:
SF:src\views\Actions.js
FN:4,(anonymous_0)
FNF:1
FNH:1
FNDA:10,(anonymous_0)
DA:5,10
LF:1
LH:1
BRF:0
BRH:0
end_of_record
TN:
SF:src\views\BillsUI.js
FN:7,(anonymous_0)
FN:22,(anonymous_1)
FN:23,compare
FN:33,(anonymous_3)
FN:36,(anonymous_4)
FN:38,(anonymous_5)
FNF:6
FNH:6
FNDA:8,(anonymous_0)
FNDA:5,(anonymous_1)
FNDA:9,compare
FNDA:8,(anonymous_3)
FNDA:7,(anonymous_4)
FNDA:5,(anonymous_5)
DA:7,6
DA:8,8
DA:22,6
DA:24,9
DA:25,6
DA:27,3
DA:28,3
DA:30,0
DA:33,8
DA:38,7
DA:55,7
DA:56,1
DA:57,6
DA:58,1
DA:61,5
LF:15
LH:14
BRDA:24,0,0,6
BRDA:24,0,1,3
BRDA:27,1,0,3
BRDA:27,1,1,0
BRDA:33,2,0,2
BRDA:33,2,1,3
BRDA:33,3,0,5
BRDA:33,3,1,3
BRDA:55,4,0,1
BRDA:55,4,1,6
BRDA:57,5,0,1
BRDA:57,5,1,5
BRF:12
BRH:11
end_of_record
TN:
SF:src\views\DashboardFormUI.js
FN:7,(anonymous_0)
FN:24,(anonymous_1)
FNF:2
FNH:2
FNDA:9,(anonymous_0)
FNDA:9,(anonymous_1)
DA:7,9
DA:26,9
LF:2
LH:2
BRDA:79,0,0,6
BRDA:79,0,1,3
BRDA:92,1,0,6
BRDA:92,1,1,3
BRF:4
BRH:4
end_of_record
TN:
SF:src\views\DashboardUI.js
FN:8,(anonymous_0)
FNF:1
FNH:1
FNDA:21,(anonymous_0)
DA:10,21
DA:11,6
DA:12,15
DA:13,3
DA:16,12
LF:5
LH:5
BRDA:10,0,0,6
BRDA:10,0,1,15
BRDA:12,1,0,3
BRDA:12,1,1,12
BRDA:22,2,0,12
BRDA:22,2,1,7
BRDA:29,3,0,12
BRDA:29,3,1,7
BRDA:36,4,0,12
BRDA:36,4,1,7
BRF:10
BRH:10
end_of_record
TN:
SF:src\views\ErrorPage.js
FN:3,(anonymous_0)
FNF:1
FNH:1
FNDA:6,(anonymous_0)
DA:4,6
LF:1
LH:1
BRDA:12,0,0,5
BRDA:12,0,1,1
BRF:2
BRH:2
end_of_record
TN:
SF:src\views\LoadingPage.js
FN:3,(anonymous_0)
FNF:1
FNH:1
FNDA:8,(anonymous_0)
DA:5,8
LF:1
LH:1
BRF:0
BRH:0
end_of_record
TN:
SF:src\views\LoginUI.js
FN:2,(anonymous_0)
FNF:1
FNH:1
FNDA:14,(anonymous_0)
DA:4,14
LF:1
LH:1
BRF:0
BRH:0
end_of_record
TN:
SF:src\views\NewBillUI.js
FN:3,(anonymous_0)
FNF:1
FNH:1
FNDA:2,(anonymous_0)
DA:5,2
LF:1
LH:1
BRF:0
BRH:0
end_of_record
TN:
SF:src\views\VerticalLayout.js
FN:5,(anonymous_0)
FNF:1
FNH:1
FNDA:34,(anonymous_0)
DA:7,34
DA:8,34
DA:9,21
DA:11,34
DA:12,5
DA:29,29
LF:6
LH:6
BRDA:8,0,0,21
BRDA:8,0,1,13
BRDA:11,1,0,5
BRDA:11,1,1,29
BRDA:11,2,0,34
BRDA:11,2,1,21
BRF:6
BRH:6
end_of_record
